# JRE version: OpenJDK Runtime Environment (17.0.2+8) (build 17.0.2+8-86)
# Java VM: OpenJDK 64-Bit Server VM (17.0.2+8-86, mixed mode, sharing, tiered, compressed oops, compressed class ptrs, g1 gc, windows-amd64)
GC Precious Log:
 CPUs: 4 total, 4 available
 Memory: 8146M
 Large Page Support: Disabled
 NUMA Support: Disabled
 Compressed Oops: Enabled (32-bit)
 Heap Region Size: 1M
 Heap Min Capacity: 8M
 Heap Initial Capacity: 128M
 Heap Max Capacity: 2038M
 Pre-touch: Disabled
 Parallel Workers: 4
 Concurrent Workers: 1
 Concurrent Refinement Workers: 4
 Periodic GC: Disabled
Heap:
 garbage-first heap   total 293888K, used 196380K [0x0000000080a00000, 0x0000000100000000)
  region size 1024K, 21 young (21504K), 2 survivors (2048K)
 Metaspace       used 14532K, committed 14784K, reserved 1064960K
  class space    used 2050K, committed 2176K, reserved 1048576K
GC Heap History (18 events):
Event: 0.587 GC heap before
{Heap before GC invocations=0 (full 0):
 garbage-first heap   total 131072K, used 13312K [0x0000000080a00000, 0x0000000100000000)
  region size 1024K, 13 young (13312K), 0 survivors (0K)
 Metaspace       used 2433K, committed 2560K, reserved 1056768K
  class space    used 235K, committed 320K, reserved 1048576K
}
Event: 0.590 GC heap after
{Heap after GC invocations=1 (full 0):
 garbage-first heap   total 131072K, used 1819K [0x0000000080a00000, 0x0000000100000000)
  region size 1024K, 2 young (2048K), 2 survivors (2048K)
 Metaspace       used 2433K, committed 2560K, reserved 1056768K
  class space    used 235K, committed 320K, reserved 1048576K
}
Event: 1.239 GC heap before
{Heap before GC invocations=1 (full 0):
 garbage-first heap   total 131072K, used 18203K [0x0000000080a00000, 0x0000000100000000)
  region size 1024K, 19 young (19456K), 2 survivors (2048K)
 Metaspace       used 6896K, committed 7104K, reserved 1056768K
  class space    used 842K, committed 960K, reserved 1048576K
}
Event: 1.245 GC heap after
{Heap after GC invocations=2 (full 0):
 garbage-first heap   total 131072K, used 3334K [0x0000000080a00000, 0x0000000100000000)
  region size 1024K, 2 young (2048K), 2 survivors (2048K)
 Metaspace       used 6896K, committed 7104K, reserved 1056768K
  class space    used 842K, committed 960K, reserved 1048576K
}
Event: 1.641 GC heap before
{Heap before GC invocations=2 (full 0):
 garbage-first heap   total 131072K, used 48390K [0x0000000080a00000, 0x0000000100000000)
  region size 1024K, 8 young (8192K), 2 survivors (2048K)
 Metaspace       used 7548K, committed 7744K, reserved 1056768K
  class space    used 954K, committed 1024K, reserved 1048576K
}
Event: 1.643 GC heap after
{Heap after GC invocations=3 (full 0):
 garbage-first heap   total 131072K, used 46433K [0x0000000080a00000, 0x0000000100000000)
  region size 1024K, 4 young (4096K), 4 survivors (4096K)
 Metaspace       used 7548K, committed 7744K, reserved 1056768K
  class space    used 954K, committed 1024K, reserved 1048576K
}
Event: 1.926 GC heap before
{Heap before GC invocations=3 (full 0):
 garbage-first heap   total 131072K, used 71009K [0x0000000080a00000, 0x0000000100000000)
  region size 1024K, 5 young (5120K), 4 survivors (4096K)
 Metaspace       used 7550K, committed 7744K, reserved 1056768K
  class space    used 954K, committed 1024K, reserved 1048576K
}
Event: 1.927 GC heap after
{Heap after GC invocations=4 (full 0):
 garbage-first heap   total 131072K, used 71090K [0x0000000080a00000, 0x0000000100000000)
  region size 1024K, 4 young (4096K), 4 survivors (4096K)
 Metaspace       used 7550K, committed 7744K, reserved 1056768K
  class space    used 954K, committed 1024K, reserved 1048576K
}
Event: 2.704 GC heap before
{Heap before GC invocations=5 (full 0):
 garbage-first heap   total 176128K, used 166322K [0x0000000080a00000, 0x0000000100000000)
  region size 1024K, 6 young (6144K), 4 survivors (4096K)
 Metaspace       used 7560K, committed 7744K, reserved 1056768K
  class space    used 954K, committed 1024K, reserved 1048576K
}
Event: 2.705 GC heap after
{Heap after GC invocations=6 (full 0):
 garbage-first heap   total 176128K, used 167202K [0x0000000080a00000, 0x0000000100000000)
  region size 1024K, 4 young (4096K), 4 survivors (4096K)
 Metaspace       used 7560K, committed 7744K, reserved 1056768K
  class space    used 954K, committed 1024K, reserved 1048576K
}
Event: 2.706 GC heap before
{Heap before GC invocations=6 (full 0):
 garbage-first heap   total 176128K, used 171298K [0x0000000080a00000, 0x0000000100000000)
  region size 1024K, 4 young (4096K), 4 survivors (4096K)
 Metaspace       used 7560K, committed 7744K, reserved 1056768K
  class space    used 954K, committed 1024K, reserved 1048576K
}
Event: 2.707 GC heap after
{Heap after GC invocations=7 (full 0):
 garbage-first heap   total 177152K, used 171201K [0x0000000080a00000, 0x0000000100000000)
  region size 1024K, 0 young (0K), 0 survivors (0K)
 Metaspace       used 7560K, committed 7744K, reserved 1056768K
  class space    used 954K, committed 1024K, reserved 1048576K
}
Event: 2.717 GC heap before
{Heap before GC invocations=7 (full 0):
 garbage-first heap   total 177152K, used 171201K [0x0000000080a00000, 0x0000000100000000)
  region size 1024K, 1 young (1024K), 0 survivors (0K)
 Metaspace       used 7560K, committed 7744K, reserved 1056768K
  class space    used 954K, committed 1024K, reserved 1048576K
}
Event: 2.718 GC heap after
{Heap after GC invocations=8 (full 0):
 garbage-first heap   total 177152K, used 171217K [0x0000000080a00000, 0x0000000100000000)
  region size 1024K, 1 young (1024K), 1 survivors (1024K)
 Metaspace       used 7560K, committed 7744K, reserved 1056768K
  class space    used 954K, committed 1024K, reserved 1048576K
}
Event: 2.977 GC heap before
{Heap before GC invocations=9 (full 0):
 garbage-first heap   total 293888K, used 181457K [0x0000000080a00000, 0x0000000100000000)
  region size 1024K, 8 young (8192K), 1 survivors (1024K)
 Metaspace       used 9024K, committed 9216K, reserved 1064960K
  class space    used 1183K, committed 1280K, reserved 1048576K
}
Event: 2.980 GC heap after
{Heap after GC invocations=10 (full 0):
 garbage-first heap   total 293888K, used 176230K [0x0000000080a00000, 0x0000000100000000)
  region size 1024K, 1 young (1024K), 1 survivors (1024K)
 Metaspace       used 9024K, committed 9216K, reserved 1064960K
  class space    used 1183K, committed 1280K, reserved 1048576K
}
Event: 3.256 GC heap before
{Heap before GC invocations=10 (full 0):
 garbage-first heap   total 293888K, used 188518K [0x0000000080a00000, 0x0000000100000000)
  region size 1024K, 14 young (14336K), 1 survivors (1024K)
 Metaspace       used 11602K, committed 11776K, reserved 1064960K
  class space    used 1630K, committed 1728K, reserved 1048576K
}
Event: 3.262 GC heap after
{Heap after GC invocations=11 (full 0):
 garbage-first heap   total 293888K, used 177948K [0x0000000080a00000, 0x0000000100000000)
  region size 1024K, 2 young (2048K), 2 survivors (2048K)
 Metaspace       used 11602K, committed 11776K, reserved 1064960K
  class space    used 1630K, committed 1728K, reserved 1048576K
}

